<?xml version="1.0" encoding="UTF-8"?>
<!-- Generated by org.testng.reporters.JUnitReportReporter -->
<testsuite hostname="DESKTOP-172HLSO" failures="0" tests="1" name="ExtentReportGenerate.ExtentReportGenerateDemo" time="10.362" errors="0" timestamp="2022-09-21T08:34:31 IST" skipped="0">
  <testcase classname="ExtentReportGenerate.ExtentReportGenerateDemo" name="extentReportDemo" time="10.362"/>
  <system-out/>
</testsuite> <!-- ExtentReportGenerate.ExtentReportGenerateDemo -->
